<?xml version="1.0" encoding="UTF-8" ?>
<CMPicture folder="/Sites/Aurora Augmentation/United States/English/Pictures/Sitewide Pictures" name="test-segment-path" xmlns:cmexport="http://www.coremedia.com/2012/cmexport">
<locale>en-US</locale>
<master>
</master>
<viewtype>
</viewtype>
<localSettings>
<Struct xmlns="http://www.coremedia.com/2008/struct" xmlns:xlink="http://www.w3.org/1999/xlink">
<StructProperty Name="focusArea">
<Struct>
<StringProperty Name="x1">0</StringProperty>
<StringProperty Name="y1">0</StringProperty>
<StringProperty Name="x2">1</StringProperty>
<StringProperty Name="y2">1</StringProperty>
</Struct>
</StructProperty>
<StructProperty Name="transforms">
<Struct>
<StringProperty Name="portrait_ratio20x31">b;a=0;c=1/crop;x=4;y=0;width=13;height=20</StringProperty>
<StringProperty Name="portrait_ratio3x4">b;a=0;c=1/crop;x=3;y=0;width=15;height=20</StringProperty>
<StringProperty Name="portrait_ratio1x1">b;a=0;c=1/crop;x=0;y=0;width=20;height=20</StringProperty>
<StringProperty Name="landscape_ratio4x3">b;a=0;c=1/crop;x=0;y=3;width=20;height=15</StringProperty>
<StringProperty Name="landscape_ratio16x9">b;a=0;c=1/crop;x=0;y=5;width=20;height=11</StringProperty>
<StringProperty Name="landscape_ratio2x1">b;a=0;c=1/crop;x=0;y=5;width=20;height=10</StringProperty>
<StringProperty Name="landscape_ratio5x2">b;a=0;c=1/crop;x=0;y=6;width=20;height=8</StringProperty>
<StringProperty Name="landscape_ratio8x3">b;a=0;c=1/crop;x=0;y=6;width=20;height=8</StringProperty>
<StringProperty Name="landscape_ratio4x1">b;a=0;c=1/crop;x=0;y=8;width=20;height=5</StringProperty>
</Struct>
</StructProperty>
<StructProperty Name="relative">
<Struct>
<StringProperty Name="portrait_ratio20x31">position;x1=0.2;y1=0;x2=0.85;y2=1</StringProperty>
<StringProperty Name="portrait_ratio3x4">position;x1=0.15;y1=0;x2=0.9;y2=1</StringProperty>
<StringProperty Name="portrait_ratio1x1">position;x1=0;y1=0;x2=1;y2=1</StringProperty>
<StringProperty Name="landscape_ratio4x3">position;x1=0;y1=0.15;x2=1;y2=0.9</StringProperty>
<StringProperty Name="landscape_ratio16x9">position;x1=0;y1=0.25;x2=1;y2=0.8</StringProperty>
<StringProperty Name="landscape_ratio2x1">position;x1=0;y1=0.25;x2=1;y2=0.75</StringProperty>
<StringProperty Name="landscape_ratio5x2">position;x1=0;y1=0.3;x2=1;y2=0.7</StringProperty>
<StringProperty Name="landscape_ratio8x3">position;x1=0;y1=0.3;x2=1;y2=0.7</StringProperty>
<StringProperty Name="landscape_ratio4x1">position;x1=0;y1=0.4;x2=1;y2=0.65</StringProperty>
</Struct>
</StructProperty>
<StructProperty Name="isDefault">
<Struct>
<StringProperty Name="portrait_ratio20x31">true</StringProperty>
<StringProperty Name="portrait_ratio3x4">true</StringProperty>
<StringProperty Name="portrait_ratio1x1">true</StringProperty>
<StringProperty Name="landscape_ratio4x3">true</StringProperty>
<StringProperty Name="landscape_ratio16x9">true</StringProperty>
<StringProperty Name="landscape_ratio2x1">true</StringProperty>
<StringProperty Name="landscape_ratio5x2">true</StringProperty>
<StringProperty Name="landscape_ratio8x3">true</StringProperty>
<StringProperty Name="landscape_ratio4x1">true</StringProperty>
</Struct>
</StructProperty>
<StructProperty Name="reflection">
<Struct>
<StringProperty Name="h">false</StringProperty>
<StringProperty Name="v">false</StringProperty>
</Struct>
</StructProperty>
<StructProperty Name="rotation">
<Struct>
<StringProperty Name="crude">0</StringProperty>
<StringProperty Name="fine">0</StringProperty>
</Struct>
</StructProperty>
<StructProperty Name="coloring">
<Struct>
<StringProperty Name="brightness">0</StringProperty>
<StringProperty Name="contrast">1</StringProperty>
</Struct>
</StructProperty>
<BooleanProperty Name="disableCropping">true</BooleanProperty>
</Struct>
</localSettings>
<linkedSettings>
</linkedSettings>
<segment>test-segment-path</segment>
<title>test-segment-path</title>
<htmlTitle></htmlTitle>
<keywords></keywords>
<htmlDescription></htmlDescription>
<subjectTaxonomy>
</subjectTaxonomy>
<locationTaxonomy>
</locationTaxonomy>
<contexts>
<link href="../../Navigation/Aurora%20Augmentation.xml" path="/Sites/Aurora%20Augmentation/United%20States/English/Navigation/Aurora%20Augmentation"/>
</contexts>
<teaserTitle></teaserTitle>
<pictures>
</pictures>
<related>
</related>
<alt></alt>
<copyright></copyright>
<data href="test-segment-path.data.png" mimetype="image/png"/>
<dataUrl></dataUrl>
<width>2048</width>
<height>1365</height>
</CMPicture>
