<?xml version="1.0" encoding="UTF-8"?>
<beans xmlns="http://www.springframework.org/schema/beans"
       xmlns:xsi="http://www.w3.org/2001/XMLSchema-instance"
       xmlns:customize="http://www.coremedia.com/2007/coremedia-spring-beans-customization"
       xsi:schemaLocation="http://www.springframework.org/schema/beans
                           http://www.springframework.org/schema/beans/spring-beans.xsd http://www.coremedia.com/2007/coremedia-spring-beans-customization http://www.coremedia.com/2007/coremedia-spring-beans-customization.xsd">

  <description>
    Use XML repo with contenttest.xml and usertest.xml
  </description>

  <import resource="classpath:/com/coremedia/cap/common/xml/uapi-xml-services.xml"/>
  <customize:replace id="xmlContentsLocationSetter"
                     bean="xmlContentsLocation"
                     custom-value="classpath:/com/coremedia/testing/contenttest.xml"/>
  <customize:replace id="xmlUserLocationSetter"
                     bean="xmlUsersLocation"
                     custom-value="classpath:/com/coremedia/testing/usertest.xml"/>
</beans>